ToontownStart: Polling for game2 to finish...
ToontownStart: Game2 is finished.
ToontownStart: Starting the game.
ToontownStart: setting default font
TTLocalizer: Running in language: english
from toontown.toonbase.TTLocalizerEnglish import *
OTPLocalizer: Running in language: english
from otp.otpbase.OTPLocalizerEnglish import *
ToontownStart: Loading default gui sounds
ToontownStart: serverVersion:  svl-1.0.0
{401000001: <toontown.distributed.ToontownDistrict.ToontownDistrict instance at 0x148D6A08>}
:OTPClientRepository(warning): Server is booting us out (122): Client is already logged in.
:OTPClientRepository(warning): Lost connection to gameserver.
:OTPClientRepository(warning): Lost connection to server. Notifying user.
:OTPClientRepository(warning): Lost connection to gameserver.
{401000001: <toontown.distributed.ToontownDistrict.ToontownDistrict instance at 0x148D6A08>}
:Actor(warning): no part named head-front*!
:NameShop(warning): No dislId, using 0
:ToontownTimeManager(warning): error parsing date string=
local
:NewsPageButtonManager(warning): Should not get here. NewsPageButtonManager.exitOff
:DistributedObject(warning): no loader.getInteractiveProp self.interactiveProp is None
:DistributedObject(warning): no loader.getInteractiveProp self.interactiveProp is None
:DistributedObject(warning): no loader.getInteractiveProp self.interactiveProp is None
:DistributedObject(warning): no loader.getInteractiveProp self.interactiveProp is None
:DistributedObject(warning): no loader.getInteractiveProp self.interactiveProp is None
fisherman origin:  render/scene/toontownCentral/2000:safe_zone/fishing_pond_1/npc_fisherman_origin_0
:Teleport(debug): teleportInDone: walk
local
OnscreenText.configure: mayChange == 0
OnscreenText.configure: mayChange == 0
OnscreenText.configure: mayChange == 0
OnscreenText.configure: mayChange == 0
:TrashcanInteractiveProp(warning): calcHoodId couldn't parse hidden/scene/toontownCentral/2202/interactive_prop_phase_5_models_char__ttc_trashcan_DNARoot using 0
:HydrantInteractiveProp(warning): calcHoodId couldn't parse hidden/scene/toontownCentral/2203/interactive_prop_phase_5_models_char__ttc_hydrant_DNARoot using 0
:GenericAnimatedProp(warning): calcHoodId couldn't parse hidden/scene/toontownCentral/2204/animated_prop_generic_phase_5_models_char__ttc_hydrant_DNARoot using 0
:MailboxInteractiveProp(warning): calcHoodId couldn't parse hidden/scene/toontownCentral/2204/interactive_prop_phase_5_models_char__ttc_mailbox_DNARoot using 0
:TrashcanInteractiveProp(warning): calcHoodId couldn't parse hidden/scene/toontownCentral/2205/interactive_prop_phase_5_models_char__ttc_trashcan_DNARoot using 0
:HydrantInteractiveProp(warning): calcHoodId couldn't parse hidden/scene/toontownCentral/2206/interactive_prop_phase_5_models_char__ttc_hydrant_DNARoot using 0
:TrashcanInteractiveProp(warning): calcHoodId couldn't parse hidden/scene/toontownCentral/2207/interactive_prop_phase_5_models_char__ttc_trashcan_DNARoot using 0
:HydrantInteractiveProp(warning): calcHoodId couldn't parse hidden/scene/toontownCentral/2208/interactive_prop_phase_5_models_char__ttc_hydrant_DNARoot using 0
:GenericAnimatedProp(warning): calcHoodId couldn't parse hidden/scene/toontownCentral/2210/animated_prop_generic_phase_5_models_char__ttc_mailbox_DNARoot using 0
:HydrantInteractiveProp(warning): calcHoodId couldn't parse hidden/scene/toontownCentral/2210/interactive_prop_phase_5_models_char__ttc_hydrant_DNARoot using 0
:HydrantInteractiveProp(warning): calcHoodId couldn't parse hidden/scene/toontownCentral/2211/interactive_prop_phase_5_models_char__ttc_hydrant_DNARoot using 0
:TrashcanInteractiveProp(warning): calcHoodId couldn't parse hidden/scene/toontownCentral/2213/interactive_prop_phase_5_models_char__ttc_trashcan_DNARoot using 0
:HydrantInteractiveProp(warning): calcHoodId couldn't parse hidden/scene/toontownCentral/2215/interactive_prop_phase_5_models_char__ttc_hydrant_DNARoot using 0
:TrashcanInteractiveProp(warning): calcHoodId couldn't parse hidden/scene/toontownCentral/2217/interactive_prop_phase_5_models_char__ttc_trashcan_DNARoot using 0
:HydrantInteractiveProp(warning): calcHoodId couldn't parse hidden/scene/toontownCentral/2219/interactive_prop_phase_5_models_char__ttc_hydrant_DNARoot using 0
:TrashcanInteractiveProp(warning): calcHoodId couldn't parse hidden/scene/toontownCentral/2220/interactive_prop_phase_5_models_char__ttc_trashcan_DNARoot using 0
:HydrantInteractiveProp(warning): calcHoodId couldn't parse hidden/scene/toontownCentral/2223/interactive_prop_phase_5_models_char__ttc_hydrant_DNARoot using 0
:GenericAnimatedProp(warning): calcHoodId couldn't parse hidden/scene/toontownCentral/2225/animated_prop_generic_phase_5_models_char__ttc_hydrant_DNARoot using 0
:GenericAnimatedProp(warning): calcHoodId couldn't parse hidden/scene/toontownCentral/2225/animated_prop_generic_phase_5_models_char__ttc_trashcan_DNARoot using 0
:MailboxInteractiveProp(warning): calcHoodId couldn't parse hidden/scene/toontownCentral/2225/interactive_prop_phase_5_models_char__ttc_mailbox_DNARoot using 0
:HydrantInteractiveProp(warning): calcHoodId couldn't parse hidden/scene/toontownCentral/2227/interactive_prop_phase_5_models_char__ttc_hydrant_DNARoot using 0
:MailboxInteractiveProp(warning): calcHoodId couldn't parse hidden/scene/toontownCentral/2229/interactive_prop_phase_5_models_char__ttc_mailbox_DNARoot using 0
:MailboxInteractiveProp(warning): calcHoodId couldn't parse hidden/scene/toontownCentral/2230/interactive_prop_phase_5_models_char__ttc_mailbox_DNARoot using 0
:MailboxInteractiveProp(warning): calcHoodId couldn't parse hidden/scene/toontownCentral/2232/interactive_prop_phase_5_models_char__ttc_mailbox_DNARoot using 0
:GenericAnimatedProp(warning): calcHoodId couldn't parse hidden/scene/toontownCentral/2233/animated_prop_generic_phase_5_models_char__ttc_trashcan_DNARoot using 0
:MailboxInteractiveProp(warning): calcHoodId couldn't parse hidden/scene/toontownCentral/2233/interactive_prop_phase_5_models_char__ttc_mailbox_DNARoot using 0
:MailboxInteractiveProp(warning): calcHoodId couldn't parse hidden/scene/toontownCentral/2235/interactive_prop_phase_5_models_char__ttc_mailbox_DNARoot using 0
fisherman origin:  render/town_top_level/toontownCentral/2236/fishing_pond_1/npc_fisherman_origin_0
:DistributedSuit(warning): Suit 401004187 created before its suit planner, 401000536
:DistributedSuit(warning): Suit 401004187 does not have a suit planner!  Expected SP doId 401000536.
:DistributedSuit(warning): Suit 401004187 does not have a suit planner!  Expected SP doId 401000536.
:DistributedSuit(warning): Suit 401004187 does not have a path!
:MailboxInteractiveProp(warning): calcHoodId couldn't parse hidden/scene/minniesMelodyLand/4101/interactive_prop_phase_6_models_char__mml_mailbox_DNARoot using 0
:TrashcanInteractiveProp(warning): calcHoodId couldn't parse hidden/scene/minniesMelodyLand/4102/interactive_prop_phase_6_models_char__mml_trashcan_DNARoot using 0
:HydrantInteractiveProp(warning): calcHoodId couldn't parse hidden/scene/minniesMelodyLand/4103/interactive_prop_phase_6_models_char__mml_hydrant_DNARoot using 0
:HydrantInteractiveProp(warning): calcHoodId couldn't parse hidden/scene/minniesMelodyLand/4105/interactive_prop_phase_6_models_char__mml_hydrant_DNARoot using 0
:MailboxInteractiveProp(warning): calcHoodId couldn't parse hidden/scene/minniesMelodyLand/4106/interactive_prop_phase_6_models_char__mml_mailbox_DNARoot using 0
:MailboxInteractiveProp(warning): calcHoodId couldn't parse hidden/scene/minniesMelodyLand/4108/interactive_prop_phase_6_models_char__mml_mailbox_DNARoot using 0
:MailboxInteractiveProp(warning): calcHoodId couldn't parse hidden/scene/minniesMelodyLand/4109/interactive_prop_phase_6_models_char__mml_mailbox_DNARoot using 0
:TrashcanInteractiveProp(warning): calcHoodId couldn't parse hidden/scene/minniesMelodyLand/4111/interactive_prop_phase_6_models_char__mml_trashcan_DNARoot using 0
:MailboxInteractiveProp(warning): calcHoodId couldn't parse hidden/scene/minniesMelodyLand/4112/interactive_prop_phase_6_models_char__mml_mailbox_DNARoot using 0
:TrashcanInteractiveProp(warning): calcHoodId couldn't parse hidden/scene/minniesMelodyLand/4114/interactive_prop_phase_6_models_char__mml_trashcan_DNARoot using 0
:MailboxInteractiveProp(warning): calcHoodId couldn't parse hidden/scene/minniesMelodyLand/4116/interactive_prop_phase_6_models_char__mml_mailbox_DNARoot using 0
:MailboxInteractiveProp(warning): calcHoodId couldn't parse hidden/scene/minniesMelodyLand/4118/interactive_prop_phase_6_models_char__mml_mailbox_DNARoot using 0
:GenericAnimatedProp(warning): calcHoodId couldn't parse hidden/scene/minniesMelodyLand/4119/animated_prop_generic_phase_6_models_char__mml_trashcan_DNARoot using 0
:MailboxInteractiveProp(warning): calcHoodId couldn't parse hidden/scene/minniesMelodyLand/4119/interactive_prop_phase_6_models_char__mml_mailbox_DNARoot using 0
:HydrantInteractiveProp(warning): calcHoodId couldn't parse hidden/scene/minniesMelodyLand/4121/interactive_prop_phase_6_models_char__mml_hydrant_DNARoot using 0
:TrashcanInteractiveProp(warning): calcHoodId couldn't parse hidden/scene/minniesMelodyLand/4122/interactive_prop_phase_6_models_char__mml_trashcan_DNARoot using 0
:TrashcanInteractiveProp(warning): calcHoodId couldn't parse hidden/scene/minniesMelodyLand/4124/interactive_prop_phase_6_models_char__mml_trashcan_DNARoot using 0
:HydrantInteractiveProp(warning): calcHoodId couldn't parse hidden/scene/minniesMelodyLand/4125/interactive_prop_phase_6_models_char__mml_hydrant_DNARoot using 0
:TrashcanInteractiveProp(warning): calcHoodId couldn't parse hidden/scene/minniesMelodyLand/4127/interactive_prop_phase_6_models_char__mml_trashcan_DNARoot using 0
:MailboxInteractiveProp(warning): calcHoodId couldn't parse hidden/scene/minniesMelodyLand/4128/interactive_prop_phase_6_models_char__mml_mailbox_DNARoot using 0
:TrashcanInteractiveProp(warning): calcHoodId couldn't parse hidden/scene/minniesMelodyLand/4129/interactive_prop_phase_6_models_char__mml_trashcan_DNARoot using 0
:MailboxInteractiveProp(warning): calcHoodId couldn't parse hidden/scene/minniesMelodyLand/4130/interactive_prop_phase_6_models_char__mml_mailbox_DNARoot using 0
:HydrantInteractiveProp(warning): calcHoodId couldn't parse hidden/scene/minniesMelodyLand/4133/interactive_prop_phase_6_models_char__mml_hydrant_DNARoot using 0
:TrashcanInteractiveProp(warning): calcHoodId couldn't parse hidden/scene/minniesMelodyLand/4138/interactive_prop_phase_6_models_char__mml_trashcan_DNARoot using 0
:HydrantInteractiveProp(warning): calcHoodId couldn't parse hidden/scene/minniesMelodyLand/4139/interactive_prop_phase_6_models_char__mml_hydrant_DNARoot using 0
:TrashcanInteractiveProp(warning): calcHoodId couldn't parse hidden/scene/minniesMelodyLand/4140/interactive_prop_phase_6_models_char__mml_trashcan_DNARoot using 0
:HydrantInteractiveProp(warning): calcHoodId couldn't parse hidden/scene/minniesMelodyLand/4142/interactive_prop_phase_6_models_char__mml_hydrant_DNARoot using 0
:TrashcanInteractiveProp(warning): calcHoodId couldn't parse hidden/scene/minniesMelodyLand/4144/interactive_prop_phase_6_models_char__mml_trashcan_DNARoot using 0
:HydrantInteractiveProp(warning): calcHoodId couldn't parse hidden/scene/minniesMelodyLand/4145/interactive_prop_phase_6_models_char__mml_hydrant_DNARoot using 0
:MailboxInteractiveProp(warning): calcHoodId couldn't parse hidden/scene/minniesMelodyLand/4146/interactive_prop_phase_6_models_char__mml_mailbox_DNARoot using 0
:GarbageCollect(warning): garbage found, reverting gc threshold
fisherman origin:  render/town_top_level/minniesMelodyLand/4148/fishing_pond_1/npc_fisherman_origin_0
OnscreenText.configure: mayChange == 0
OnscreenText.configure: mayChange == 0
OnscreenText.configure: mayChange == 0
OnscreenText.configure: mayChange == 0
OnscreenText.configure: mayChange == 0
OnscreenText.configure: mayChange == 0
OnscreenText.configure: mayChange == 0
OnscreenText.configure: mayChange == 0
frame rate: 140.0 fps|0.001d|1 avs||388|388||0x0000|0x0000|479.3MB|493.2MB|6058.9MB|203|nt.2.6.2|3.500,3.500|2,4 cpus|OpenGL
:Teleport(debug): teleportInDone: walk
OnscreenText.configure: mayChange == 0
OnscreenText.configure: mayChange == 0
OnscreenText.configure: mayChange == 0
OnscreenText.configure: mayChange == 0
frame rate: 98.4 fps|0.001d|0 avs||687|688||0x0000|0x0000|477.8MB|490.7MB|6058.9MB|210|nt.2.6.2|3.500,3.500|2,4 cpus|OpenGL
OnscreenText.configure: mayChange == 0
OnscreenText.configure: mayChange == 0
OnscreenText.configure: mayChange == 0
OnscreenText.configure: mayChange == 0
frame rate: 89.4 fps|0.015d|0 avs||987|988||0x0000|0x0000|477.8MB|490.7MB|6058.9MB|211|nt.2.6.2|3.500,3.500|2,4 cpus|OpenGL
loading MM safezone
:DistributedObject(warning): no loader.getInteractiveProp self.interactiveProp is None
fisherman origin:  render/scene/minniesMelodyLand/4000:safe_zone/fishing_pond_1/npc_fisherman_origin_0
:Teleport(debug): teleportInDone: walk
OnscreenText.configure: mayChange == 0
OnscreenText.configure: mayChange == 0
OnscreenText.configure: mayChange == 0
OnscreenText.configure: mayChange == 0
