ToontownStart: Polling for game2 to finish...
ToontownStart: Game2 is finished.
ToontownStart: Starting the game.
ToontownStart: setting default font
TTLocalizer: Running in language: english
from toontown.toonbase.TTLocalizerEnglish import *
OTPLocalizer: Running in language: english
from otp.otpbase.OTPLocalizerEnglish import *
ToontownStart: Loading default gui sounds
ToontownStart: serverVersion:  sv0.0.0.1-dev
{401000001: <toontown.distributed.ToontownDistrict.ToontownDistrict instance at 0x14BEFD28>}
{401000001: <toontown.distributed.ToontownDistrict.ToontownDistrict instance at 0x14BEFD28>}
:OTPClientRepository(warning): Server is booting us out (122): Client is already logged in.
:OTPClientRepository(warning): Lost connection to gameserver.
:OTPClientRepository(warning): Lost connection to server. Notifying user.
:OTPClientRepository(warning): Lost connection to gameserver.
{401000001: <toontown.distributed.ToontownDistrict.ToontownDistrict instance at 0x14BEFD28>}
:OTPClientRepository(warning): Server is booting us out (122): Client is already logged in.
:OTPClientRepository(warning): Lost connection to gameserver.
:OTPClientRepository(warning): Lost connection to server. Notifying user.
:OTPClientRepository(warning): Lost connection to gameserver.
{401000001: <toontown.distributed.ToontownDistrict.ToontownDistrict instance at 0x14BEFD28>}
:Actor(warning): no part named head-front*!
:Actor(warning): no part named head-front*!
:OTPClientRepository(warning): Server is booting us out (122): Client is already logged in.
:OTPClientRepository(warning): Lost connection to gameserver.
:OTPClientRepository(warning): Lost connection to server. Notifying user.
:OTPClientRepository(warning): Lost connection to gameserver.
{401000001: <toontown.distributed.ToontownDistrict.ToontownDistrict instance at 0x14BEFD28>}
:Actor(warning): no part named head-front*!
:NameShop(warning): No dislId, using 0
:ToontownTimeManager(warning): error parsing date string=
local
:NewsPageButtonManager(warning): Should not get here. NewsPageButtonManager.exitOff
:DistributedObject(warning): no loader.getInteractiveProp self.interactiveProp is None
:DistributedObject(warning): no loader.getInteractiveProp self.interactiveProp is None
:DistributedObject(warning): no loader.getInteractiveProp self.interactiveProp is None
:DistributedObject(warning): no loader.getInteractiveProp self.interactiveProp is None
:DistributedObject(warning): no loader.getInteractiveProp self.interactiveProp is None
fisherman origin:  render/scene/toontownCentral/2000:safe_zone/fishing_pond_1/npc_fisherman_origin_0
:Teleport(debug): teleportInDone: walk
Traceback (most recent call last):
  File "C:\Panda3D-1.8.1\direct\distributed\ConnectionRepository.py", line 613, in readerPollUntilEmpty
    while self.readerPollOnce():
  File "C:\Panda3D-1.8.1\direct\distributed\ConnectionRepository.py", line 620, in readerPollOnce
    self.handleDatagram(self.private__di)
  File "otp\distributed\OTPClientRepository.py", line 1896, in handleDatagram
    self.handler(msgType, di)
  File "otp\distributed\OTPClientRepository.py", line 1496, in handlePlayGame
    self.handleUpdateField(di)
  File "C:\Panda3D-1.8.1\direct\distributed\ClientRepositoryBase.py", line 438, in handleUpdateField
    self.__doUpdate(doId, di, ovUpdated)
  File "C:\Panda3D-1.8.1\direct\distributed\ClientRepositoryBase.py", line 446, in __doUpdate
    do.dclass.receiveUpdate(do, di)
  File "toontown\toon\DistributedToon.py", line 1175, in setCatalogNotify
    self.refreshOnscreenButtons()
  File "toontown\toon\LocalToon.py", line 1193, in refreshOnscreenButtons
    self.showClarabelleGui(newItemsInMailbox)
  File "toontown\toon\LocalToon.py", line 1058, in showClarabelleGui
    if self.newsButtonMgr.isNewIssueButtonShown() and WantNewsPage:
  File "toontown\toontowngui\NewsPageButtonManager.py", line 119, in isNewIssueButtonShown
    if localAvatar.getLastTimeReadNews() < base.cr.inGameNewsMgr.getLatestIssue():
AttributeError: 'NoneType' object has no attribute 'getLatestIssue'
:ToonBase(warning): Handling Python exception.
Traceback (most recent call last):
  File "otp\otpbase\OTPBase.py", line 238, in run
    taskMgr.run()
  File "C:\Panda3D-1.8.1\direct\task\Task.py", line 502, in run
    self.step()
  File "C:\Panda3D-1.8.1\direct\task\Task.py", line 460, in step
    self.mgr.poll()
  File "C:\Panda3D-1.8.1\direct\distributed\ConnectionRepository.py", line 613, in readerPollUntilEmpty
    while self.readerPollOnce():
  File "C:\Panda3D-1.8.1\direct\distributed\ConnectionRepository.py", line 620, in readerPollOnce
    self.handleDatagram(self.private__di)
  File "otp\distributed\OTPClientRepository.py", line 1896, in handleDatagram
    self.handler(msgType, di)
  File "otp\distributed\OTPClientRepository.py", line 1496, in handlePlayGame
    self.handleUpdateField(di)
  File "C:\Panda3D-1.8.1\direct\distributed\ClientRepositoryBase.py", line 438, in handleUpdateField
    self.__doUpdate(doId, di, ovUpdated)
  File "C:\Panda3D-1.8.1\direct\distributed\ClientRepositoryBase.py", line 446, in __doUpdate
    do.dclass.receiveUpdate(do, di)
  File "toontown\toon\DistributedToon.py", line 1175, in setCatalogNotify
    self.refreshOnscreenButtons()
  File "toontown\toon\LocalToon.py", line 1193, in refreshOnscreenButtons
    self.showClarabelleGui(newItemsInMailbox)
  File "toontown\toon\LocalToon.py", line 1058, in showClarabelleGui
    if self.newsButtonMgr.isNewIssueButtonShown() and WantNewsPage:
  File "toontown\toontowngui\NewsPageButtonManager.py", line 119, in isNewIssueButtonShown
    if localAvatar.getLastTimeReadNews() < base.cr.inGameNewsMgr.getLatestIssue():
AttributeError: 'NoneType' object has no attribute 'getLatestIssue'
