ToontownStart: Polling for game2 to finish...
ToontownStart: Game2 is finished.
ToontownStart: Starting the game.
ToontownStart: setting default font
TTLocalizer: Running in language: english
from toontown.toonbase.TTLocalizerEnglish import *
OTPLocalizer: Running in language: english
from otp.otpbase.OTPLocalizerEnglish import *
ToontownStart: Loading default gui sounds
ToontownStart: serverVersion:  svl-1.0.0
{401000001: <toontown.distributed.ToontownDistrict.ToontownDistrict instance at 0x16AA7AA8>}
:ToontownTimeManager(warning): error parsing date string=
:Actor(warning): no part named head-front*!
local
:NewsPageButtonManager(warning): Should not get here. NewsPageButtonManager.exitOff
:DistributedObject(warning): no loader.getInteractiveProp self.interactiveProp is None
:DistributedObject(warning): no loader.getInteractiveProp self.interactiveProp is None
:DistributedObject(warning): no loader.getInteractiveProp self.interactiveProp is None
:DistributedObject(warning): no loader.getInteractiveProp self.interactiveProp is None
:DistributedObject(warning): no loader.getInteractiveProp self.interactiveProp is None
fisherman origin:  render/scene/toontownCentral/2000:safe_zone/fishing_pond_1/npc_fisherman_origin_0
:GarbageCollect(warning): garbage found, reverting gc threshold
:Teleport(debug): teleportInDone: walk
OnscreenText.configure: mayChange == 0
OnscreenText.configure: mayChange == 0
OnscreenText.configure: mayChange == 0
OnscreenText.configure: mayChange == 0
:Teleport(debug): teleportInDone: walk
local
:Actor(warning): no part named head-front*!
:Actor(warning): no part named head-front*!
:Actor(warning): no part named head-front*!
:Actor(warning): no part named head-front*!
:Actor(warning): no part named head-front*!
:Actor(warning): no part named head-front*!
:Actor(warning): no part named head-front*!
:Actor(warning): no part named head-front*!
:Actor(warning): no part named head-front*!
:Actor(warning): no part named head-front*!
:Actor(warning): no part named head-front*!
:Actor(warning): no part named head-front*!
:Actor(warning): no part named head-front*!
:Actor(warning): no part named head-front*!
:Actor(warning): no part named head-front*!
:Actor(warning): no part named head-front*!
:Actor(warning): no part named head-front*!
:Actor(warning): no part named head-front*!
:Actor(warning): no part named head-front*!
:Actor(warning): no part named head-front*!
:Actor(warning): no part named head-front*!
:Actor(warning): no part named head-front*!
:Actor(warning): no part named head-front*!
:Actor(warning): no part named head-front*!
:Actor(warning): no part named head-front*!
:Actor(warning): no part named head-front*!
:Actor(warning): no part named head-front*!
:Actor(warning): no part named head-front*!
:Actor(warning): no part named head-front*!
:Actor(warning): no part named head-front*!
:Actor(warning): no part named head-front*!
:Actor(warning): no part named head-front*!
OnscreenText.configure: mayChange == 0
OnscreenText.configure: mayChange == 0
OnscreenText.configure: mayChange == 0
OnscreenText.configure: mayChange == 0
OnscreenText.configure: mayChange == 0
OnscreenText.configure: mayChange == 0
OnscreenText.configure: mayChange == 0
OnscreenText.configure: mayChange == 0
OnscreenText.configure: mayChange == 0
OnscreenText.configure: mayChange == 0
OnscreenText.configure: mayChange == 0
OnscreenText.configure: mayChange == 0
:SummonCogDialog: issuing invasion summons for 7
OnscreenText.configure: mayChange == 0
OnscreenText.configure: mayChange == 0
OnscreenText.configure: mayChange == 0
OnscreenText.configure: mayChange == 0
:DistributedObject(warning): no loader.getInteractiveProp self.interactiveProp is None
:DistributedObject(warning): no loader.getInteractiveProp self.interactiveProp is None
:DistributedObject(warning): no loader.getInteractiveProp self.interactiveProp is None
:DistributedObject(warning): no loader.getInteractiveProp self.interactiveProp is None
:DistributedObject(warning): no loader.getInteractiveProp self.interactiveProp is None
fisherman origin:  render/scene/toontownCentral/2000:safe_zone/fishing_pond_1/npc_fisherman_origin_0
:Teleport(debug): teleportInDone: walk
frame rate: 40.9 fps|0.029d|4 avs||603|604||0x0000|0x0000|598.9MB|655.9MB|8094.4MB|214|nt.2.6.2|2.197,2.197|2,4 cpus|OpenGL
:TrashcanInteractiveProp(warning): calcHoodId couldn't parse hidden/scene/toontownCentral/2301/interactive_prop_phase_5_models_char__ttc_trashcan_DNARoot using 0
:HydrantInteractiveProp(warning): calcHoodId couldn't parse hidden/scene/toontownCentral/2302/interactive_prop_phase_5_models_char__ttc_hydrant_DNARoot using 0
:HydrantInteractiveProp(warning): calcHoodId couldn't parse hidden/scene/toontownCentral/2303/interactive_prop_phase_5_models_char__ttc_hydrant_DNARoot using 0
:TrashcanInteractiveProp(warning): calcHoodId couldn't parse hidden/scene/toontownCentral/2304/interactive_prop_phase_5_models_char__ttc_trashcan_DNARoot using 0
:MailboxInteractiveProp(warning): calcHoodId couldn't parse hidden/scene/toontownCentral/2305/interactive_prop_phase_5_models_char__ttc_mailbox_DNARoot using 0
:TrashcanInteractiveProp(warning): calcHoodId couldn't parse hidden/scene/toontownCentral/2307/interactive_prop_phase_5_models_char__ttc_trashcan_DNARoot using 0
:HydrantInteractiveProp(warning): calcHoodId couldn't parse hidden/scene/toontownCentral/2308/interactive_prop_phase_5_models_char__ttc_hydrant_DNARoot using 0
:MailboxInteractiveProp(warning): calcHoodId couldn't parse hidden/scene/toontownCentral/2310/interactive_prop_phase_5_models_char__ttc_mailbox_DNARoot using 0
:HydrantInteractiveProp(warning): calcHoodId couldn't parse hidden/scene/toontownCentral/2311/interactive_prop_phase_5_models_char__ttc_hydrant_DNARoot using 0
:TrashcanInteractiveProp(warning): calcHoodId couldn't parse hidden/scene/toontownCentral/2312/interactive_prop_phase_5_models_char__ttc_trashcan_DNARoot using 0
:HydrantInteractiveProp(warning): calcHoodId couldn't parse hidden/scene/toontownCentral/2313/interactive_prop_phase_5_models_char__ttc_hydrant_DNARoot using 0
:MailboxInteractiveProp(warning): calcHoodId couldn't parse hidden/scene/toontownCentral/2314/interactive_prop_phase_5_models_char__ttc_mailbox_DNARoot using 0
:HydrantInteractiveProp(warning): calcHoodId couldn't parse hidden/scene/toontownCentral/2315/interactive_prop_phase_5_models_char__ttc_hydrant_DNARoot using 0
:TrashcanInteractiveProp(warning): calcHoodId couldn't parse hidden/scene/toontownCentral/2316/interactive_prop_phase_5_models_char__ttc_trashcan_DNARoot using 0
:HydrantInteractiveProp(warning): calcHoodId couldn't parse hidden/scene/toontownCentral/2317/interactive_prop_phase_5_models_char__ttc_hydrant_DNARoot using 0
:MailboxInteractiveProp(warning): calcHoodId couldn't parse hidden/scene/toontownCentral/2318/interactive_prop_phase_5_models_char__ttc_mailbox_DNARoot using 0
:TrashcanInteractiveProp(warning): calcHoodId couldn't parse hidden/scene/toontownCentral/2319/interactive_prop_phase_5_models_char__ttc_trashcan_DNARoot using 0
:TrashcanInteractiveProp(warning): calcHoodId couldn't parse hidden/scene/toontownCentral/2322/interactive_prop_phase_5_models_char__ttc_trashcan_DNARoot using 0
:MailboxInteractiveProp(warning): calcHoodId couldn't parse hidden/scene/toontownCentral/2323/interactive_prop_phase_5_models_char__ttc_mailbox_DNARoot using 0
:HydrantInteractiveProp(warning): calcHoodId couldn't parse hidden/scene/toontownCentral/2326/interactive_prop_phase_5_models_char__ttc_hydrant_DNARoot using 0
:MailboxInteractiveProp(warning): calcHoodId couldn't parse hidden/scene/toontownCentral/2329/interactive_prop_phase_5_models_char__ttc_mailbox_DNARoot using 0
:TrashcanInteractiveProp(warning): calcHoodId couldn't parse hidden/scene/toontownCentral/2331/interactive_prop_phase_5_models_char__ttc_trashcan_DNARoot using 0
:HydrantInteractiveProp(warning): calcHoodId couldn't parse hidden/scene/toontownCentral/2335/interactive_prop_phase_5_models_char__ttc_hydrant_DNARoot using 0
:HydrantInteractiveProp(warning): calcHoodId couldn't parse hidden/scene/toontownCentral/2336/interactive_prop_phase_5_models_char__ttc_hydrant_DNARoot using 0
:MailboxInteractiveProp(warning): calcHoodId couldn't parse hidden/scene/toontownCentral/2338/interactive_prop_phase_5_models_char__ttc_mailbox_DNARoot using 0
:TrashcanInteractiveProp(warning): calcHoodId couldn't parse hidden/scene/toontownCentral/2339/interactive_prop_phase_5_models_char__ttc_trashcan_DNARoot using 0
Battle Event localtoon-battle-event-3
:Street(warning): fsm.request('walk') returned 0 (zone id 2304, avatar pos LPoint3f(150.4, 25, 0.0249847)).
Battle Event localtoon-battle-event-9
:Actor(warning): called actor.removeNode() on stun without calling cleanup()
:Street(warning): fsm.request('walk') returned 0 (zone id 2311, avatar pos LPoint3f(216.898, 64.0734, -0.475)).
Battle Event localtoon-battle-event-15
:Street(warning): fsm.request('walk') returned 0 (zone id 2318, avatar pos LPoint3f(384.5, 10.6242, -0.475)).
OnscreenText.configure: mayChange == 0
OnscreenText.configure: mayChange == 0
OnscreenText.configure: mayChange == 0
OnscreenText.configure: mayChange == 0
:Teleport(debug): teleportInDone: walk
OnscreenText.configure: mayChange == 0
OnscreenText.configure: mayChange == 0
OnscreenText.configure: mayChange == 0
OnscreenText.configure: mayChange == 0
:HoodMgr(warning): getPlaygroundCenterFromId: No such hood name as: 10000
:Teleport(debug): teleportInDone: walk
:BossbotCogHQLoader(warning): loadPlaceGeom: unclassified zone 61000
:BossbotHQBossBattle(warning): fsm.request('movie') returned 0 (zone id 61007, avatar pos LPoint3f(2.49858, -89.487, 0.0825828)).
frame rate: 51.2 fps|0.078d|44 avs||903|904||0x0000|0x0000|847.0MB|983.7MB|8094.4MB|300|nt.2.6.2|2.197,2.197|2,4 cpus|OpenGL
:BossbotHQBossBattle(warning): fsm.request('movie') returned 0 (zone id 61007, avatar pos LPoint3f(2.49858, -89.487, 0.0825828)).
Battle Event localtoon-battle-event-21
:MovieCamera(warning): unknown attack id in chooseSuitShot: 21 using default cam
:Actor(warning): called actor.removeNode() on stun without calling cleanup()
:Actor(warning): called actor.removeNode() on stun without calling cleanup()
:Actor(warning): called actor.removeNode() on stun without calling cleanup()
:Actor(warning): called actor.removeNode() on stun without calling cleanup()
### newVec3 =  LVector3f(2, 6.3, 1.5)
### newVec3 =  LVector3f(2, 6.3, 0)
### newVec3 =  LVector3f(2, 6.3, 0.375)
### newVec3 =  LVector3f(2, 6.3, 0)
:Actor(warning): called actor.removeNode() on stun without calling cleanup()
:Actor(warning): called actor.removeNode() on stun without calling cleanup()
:Actor(warning): called actor.removeNode() on stun without calling cleanup()
:Actor(warning): called actor.removeNode() on stun without calling cleanup()
:DistributedBattleWaiters(warning): handleDied() - toon: 100000005
:DistributedObject(warning): no loader.getInteractiveProp self.interactiveProp is None
fisherman origin:  render/scene/donaldsDock/1000:safe_zone/fishing_pond_1/npc_fisherman_origin_0
:Teleport(debug): teleportInDone: popup
OnscreenText.configure: mayChange == 0
OnscreenText.configure: mayChange == 0
OnscreenText.configure: mayChange == 0
OnscreenText.configure: mayChange == 0
OnscreenText.configure: mayChange == 0
OnscreenText.configure: mayChange == 0
OnscreenText.configure: mayChange == 0
OnscreenText.configure: mayChange == 0
frame rate: 34.0 fps|0.015d|4 avs||1203|1204||0x0000|0x0000|932.1MB|1074.0MB|8094.4MB|339|nt.2.6.2|2.197,2.197|2,4 cpus|OpenGL
:Teleport(debug): teleportInDone: walk
:SellbotCogHQLoader(warning): loadPlaceGeom: unclassified zone 61000
:SellbotHQBossBattle(warning): fsm.request('movie') returned 0 (zone id 61008, avatar pos LPoint3f(-2.57997, 95, 18.1093)).
:SellbotHQBossBattle(warning): fsm.request('movie') returned 0 (zone id 61008, avatar pos LPoint3f(-2.57997, 95, 18.1093)).
Battle Event localtoon-battle-event-28
:Actor(warning): called actor.removeNode() on stun without calling cleanup()
:Actor(warning): called actor.removeNode() on stun without calling cleanup()
### newVec3 =  LVector3f(-2, 6.3, 1.5)
### newVec3 =  LVector3f(-2, 6.3, 0)
### newVec3 =  LVector3f(-2, 6.3, 0.375)
### newVec3 =  LVector3f(-2, 6.3, 0)
frame rate: 36.9 fps|0.019d|21 avs||1503|1504||0x0000|0x0000|940.2MB|1140.7MB|8094.4MB|371|nt.2.6.2|2.197,2.197|2,4 cpus|OpenGL
:Actor(warning): called actor.removeNode() on stun without calling cleanup()
:Actor(warning): called actor.removeNode() on stun without calling cleanup()
:Actor(warning): called actor.removeNode() on stun without calling cleanup()
:Actor(warning): called actor.removeNode() on stun without calling cleanup()
:Actor(warning): called actor.removeNode() on stun without calling cleanup()
:Actor(warning): called actor.removeNode() on stun without calling cleanup()
:Actor(warning): called actor.removeNode() on stun without calling cleanup()
:Actor(warning): called actor.removeNode() on stun without calling cleanup()
:SellbotHQBossBattle(warning): fsm.request('walk') returned 0 (zone id 61008, avatar pos LPoint3f(-31, -35, 0.025)).
:OTPClientRepository(warning): unclean exit, abandoning shard
ignoring InputState-forward
:LocalAvatar(warning): redundant call to stopUpdateSmartCamera
