ToontownStart: Polling for game2 to finish...
ToontownStart: Game2 is finished.
ToontownStart: Starting the game.
ToontownStart: setting default font
TTLocalizer: Running in language: english
from toontown.toonbase.TTLocalizerEnglish import *
OTPLocalizer: Running in language: english
from otp.otpbase.OTPLocalizerEnglish import *
ToontownStart: Loading default gui sounds
ToontownStart: serverVersion:  svl-1.0.0
{401000001: <toontown.distributed.ToontownDistrict.ToontownDistrict instance at 0x1697CAA8>}
:Actor(warning): no part named head-front*!
:NameShop(warning): No dislId, using 0
:ToontownTimeManager(warning): error parsing date string=
:Actor(warning): no part named head-front*!
local
:NewsPageButtonManager(warning): Should not get here. NewsPageButtonManager.exitOff
local
:DistributedObject(warning): no loader.getInteractiveProp self.interactiveProp is None
:DistributedObject(warning): no loader.getInteractiveProp self.interactiveProp is None
:DistributedObject(warning): no loader.getInteractiveProp self.interactiveProp is None
:DistributedObject(warning): no loader.getInteractiveProp self.interactiveProp is None
:DistributedObject(warning): no loader.getInteractiveProp self.interactiveProp is None
fisherman origin:  render/scene/toontownCentral/2000:safe_zone/fishing_pond_1/npc_fisherman_origin_0
:Teleport(debug): teleportInDone: walk
:GarbageCollect(warning): garbage found, reverting gc threshold
frame rate: 29.8 fps|0.011d|3 avs||581|582||0x0000|0x0000|438.6MB|470.3MB|8094.4MB|141|nt.2.6.2|2.197,2.197|2,4 cpus|OpenGL
:TrashcanInteractiveProp(warning): calcHoodId couldn't parse hidden/scene/toontownCentral/2301/interactive_prop_phase_5_models_char__ttc_trashcan_DNARoot using 0
:HydrantInteractiveProp(warning): calcHoodId couldn't parse hidden/scene/toontownCentral/2302/interactive_prop_phase_5_models_char__ttc_hydrant_DNARoot using 0
:HydrantInteractiveProp(warning): calcHoodId couldn't parse hidden/scene/toontownCentral/2303/interactive_prop_phase_5_models_char__ttc_hydrant_DNARoot using 0
:TrashcanInteractiveProp(warning): calcHoodId couldn't parse hidden/scene/toontownCentral/2304/interactive_prop_phase_5_models_char__ttc_trashcan_DNARoot using 0
:MailboxInteractiveProp(warning): calcHoodId couldn't parse hidden/scene/toontownCentral/2305/interactive_prop_phase_5_models_char__ttc_mailbox_DNARoot using 0
:TrashcanInteractiveProp(warning): calcHoodId couldn't parse hidden/scene/toontownCentral/2307/interactive_prop_phase_5_models_char__ttc_trashcan_DNARoot using 0
:HydrantInteractiveProp(warning): calcHoodId couldn't parse hidden/scene/toontownCentral/2308/interactive_prop_phase_5_models_char__ttc_hydrant_DNARoot using 0
:MailboxInteractiveProp(warning): calcHoodId couldn't parse hidden/scene/toontownCentral/2310/interactive_prop_phase_5_models_char__ttc_mailbox_DNARoot using 0
:HydrantInteractiveProp(warning): calcHoodId couldn't parse hidden/scene/toontownCentral/2311/interactive_prop_phase_5_models_char__ttc_hydrant_DNARoot using 0
:TrashcanInteractiveProp(warning): calcHoodId couldn't parse hidden/scene/toontownCentral/2312/interactive_prop_phase_5_models_char__ttc_trashcan_DNARoot using 0
:HydrantInteractiveProp(warning): calcHoodId couldn't parse hidden/scene/toontownCentral/2313/interactive_prop_phase_5_models_char__ttc_hydrant_DNARoot using 0
:MailboxInteractiveProp(warning): calcHoodId couldn't parse hidden/scene/toontownCentral/2314/interactive_prop_phase_5_models_char__ttc_mailbox_DNARoot using 0
:HydrantInteractiveProp(warning): calcHoodId couldn't parse hidden/scene/toontownCentral/2315/interactive_prop_phase_5_models_char__ttc_hydrant_DNARoot using 0
:TrashcanInteractiveProp(warning): calcHoodId couldn't parse hidden/scene/toontownCentral/2316/interactive_prop_phase_5_models_char__ttc_trashcan_DNARoot using 0
:HydrantInteractiveProp(warning): calcHoodId couldn't parse hidden/scene/toontownCentral/2317/interactive_prop_phase_5_models_char__ttc_hydrant_DNARoot using 0
:MailboxInteractiveProp(warning): calcHoodId couldn't parse hidden/scene/toontownCentral/2318/interactive_prop_phase_5_models_char__ttc_mailbox_DNARoot using 0
:TrashcanInteractiveProp(warning): calcHoodId couldn't parse hidden/scene/toontownCentral/2319/interactive_prop_phase_5_models_char__ttc_trashcan_DNARoot using 0
:TrashcanInteractiveProp(warning): calcHoodId couldn't parse hidden/scene/toontownCentral/2322/interactive_prop_phase_5_models_char__ttc_trashcan_DNARoot using 0
:MailboxInteractiveProp(warning): calcHoodId couldn't parse hidden/scene/toontownCentral/2323/interactive_prop_phase_5_models_char__ttc_mailbox_DNARoot using 0
:HydrantInteractiveProp(warning): calcHoodId couldn't parse hidden/scene/toontownCentral/2326/interactive_prop_phase_5_models_char__ttc_hydrant_DNARoot using 0
:MailboxInteractiveProp(warning): calcHoodId couldn't parse hidden/scene/toontownCentral/2329/interactive_prop_phase_5_models_char__ttc_mailbox_DNARoot using 0
:TrashcanInteractiveProp(warning): calcHoodId couldn't parse hidden/scene/toontownCentral/2331/interactive_prop_phase_5_models_char__ttc_trashcan_DNARoot using 0
:HydrantInteractiveProp(warning): calcHoodId couldn't parse hidden/scene/toontownCentral/2335/interactive_prop_phase_5_models_char__ttc_hydrant_DNARoot using 0
:HydrantInteractiveProp(warning): calcHoodId couldn't parse hidden/scene/toontownCentral/2336/interactive_prop_phase_5_models_char__ttc_hydrant_DNARoot using 0
:MailboxInteractiveProp(warning): calcHoodId couldn't parse hidden/scene/toontownCentral/2338/interactive_prop_phase_5_models_char__ttc_mailbox_DNARoot using 0
:TrashcanInteractiveProp(warning): calcHoodId couldn't parse hidden/scene/toontownCentral/2339/interactive_prop_phase_5_models_char__ttc_trashcan_DNARoot using 0
frame rate: 41.4 fps|0.015d|3 avs||881|882||0x0000|0x0000|579.5MB|695.1MB|8094.4MB|188|nt.2.6.2|2.197,2.197|2,4 cpus|OpenGL
fisherman origin:  render/town_top_level/toontownCentral/2341/fishing_pond_1/npc_fisherman_origin_0
OnscreenText.configure: mayChange == 0
OnscreenText.configure: mayChange == 0
OnscreenText.configure: mayChange == 0
OnscreenText.configure: mayChange == 0
:OTPClientRepository(warning): unclean exit, abandoning shard
ignoring InputState-forward
:LocalAvatar(warning): redundant call to stopUpdateSmartCamera
