ToontownStart: Polling for game2 to finish...
ToontownStart: Game2 is finished.
ToontownStart: Starting the game.
ToontownStart: setting default font
TTLocalizer: Running in language: english
from toontown.toonbase.TTLocalizerEnglish import *
OTPLocalizer: Running in language: english
from otp.otpbase.OTPLocalizerEnglish import *
ToontownStart: Loading default gui sounds
ToontownStart: serverVersion:  svl-1.0.0
{401000001: <toontown.distributed.ToontownDistrict.ToontownDistrict instance at 0x138AD2B0>}
:OTPClientRepository(warning): Server is booting us out (122): Client is already logged in.
:OTPClientRepository(warning): Lost connection to gameserver.
:OTPClientRepository(warning): Lost connection to server. Notifying user.
:OTPClientRepository(warning): Lost connection to gameserver.
{401000001: <toontown.distributed.ToontownDistrict.ToontownDistrict instance at 0x138AD2B0>}
Traceback (most recent call last):
  File "C:\Panda3D-1.8.1\direct\showbase\EventManager.py", line 61, in eventLoopTask
    self.doEvents()
  File "C:\Panda3D-1.8.1\direct\showbase\EventManager.py", line 55, in doEvents
    processFunc(self.eventQueue.dequeueEvent())
  File "C:\Panda3D-1.8.1\direct\showbase\EventManager.py", line 122, in processEvent
    messenger.send(eventName, paramList)
  File "C:\Panda3D-1.8.1\direct\showbase\Messenger.py", line 397, in send
    self.__dispatch(acceptorDict, event, sentArgs, foundWatch)
  File "C:\Panda3D-1.8.1\direct\showbase\Messenger.py", line 482, in __dispatch
    method (*(extraArgs + sentArgs))
  File "C:\Panda3D-1.8.1\direct\gui\DirectButton.py", line 103, in commandFunc
    apply(self['command'], self['extraArgs'])
  File "C:\Panda3D-1.8.1\direct\gui\DirectDialog.py", line 175, in <lambda>
    command = lambda s = self, v = value: s.buttonCommand(v)
  File "C:\Panda3D-1.8.1\direct\gui\DirectDialog.py", line 324, in buttonCommand
    self['command'](value, *self['extraArgs'])
  File "otp\otpgui\OTPDialog.py", line 114, in handleButton
    messenger.send(self.__doneEvent)
  File "C:\Panda3D-1.8.1\direct\showbase\Messenger.py", line 397, in send
    self.__dispatch(acceptorDict, event, sentArgs, foundWatch)
  File "C:\Panda3D-1.8.1\direct\showbase\Messenger.py", line 482, in __dispatch
    method (*(extraArgs + sentArgs))
  File "toontown\login\AvatarChoice.py", line 205, in __handleVerifyDelete
    self.verifyDeleteWithPassword()
  File "toontown\login\AvatarChoice.py", line 209, in verifyDeleteWithPassword
    if tt.supportsAuthenticateDelete() and base.cr.productName not in ['DisneyOnline-UK',
AttributeError: LoginTTOAccount instance has no attribute 'supportsAuthenticateDelete'
:ToonBase(warning): Handling Python exception.
Traceback (most recent call last):
  File "otp\otpbase\OTPBase.py", line 238, in run
    taskMgr.run()
  File "C:\Panda3D-1.8.1\direct\task\Task.py", line 502, in run
    self.step()
  File "C:\Panda3D-1.8.1\direct\task\Task.py", line 460, in step
    self.mgr.poll()
  File "C:\Panda3D-1.8.1\direct\showbase\EventManager.py", line 61, in eventLoopTask
    self.doEvents()
  File "C:\Panda3D-1.8.1\direct\showbase\EventManager.py", line 55, in doEvents
    processFunc(self.eventQueue.dequeueEvent())
  File "C:\Panda3D-1.8.1\direct\showbase\EventManager.py", line 122, in processEvent
    messenger.send(eventName, paramList)
  File "C:\Panda3D-1.8.1\direct\showbase\Messenger.py", line 397, in send
    self.__dispatch(acceptorDict, event, sentArgs, foundWatch)
  File "C:\Panda3D-1.8.1\direct\showbase\Messenger.py", line 482, in __dispatch
    method (*(extraArgs + sentArgs))
  File "C:\Panda3D-1.8.1\direct\gui\DirectButton.py", line 103, in commandFunc
    apply(self['command'], self['extraArgs'])
  File "C:\Panda3D-1.8.1\direct\gui\DirectDialog.py", line 175, in <lambda>
    command = lambda s = self, v = value: s.buttonCommand(v)
  File "C:\Panda3D-1.8.1\direct\gui\DirectDialog.py", line 324, in buttonCommand
    self['command'](value, *self['extraArgs'])
  File "otp\otpgui\OTPDialog.py", line 114, in handleButton
    messenger.send(self.__doneEvent)
  File "C:\Panda3D-1.8.1\direct\showbase\Messenger.py", line 397, in send
    self.__dispatch(acceptorDict, event, sentArgs, foundWatch)
  File "C:\Panda3D-1.8.1\direct\showbase\Messenger.py", line 482, in __dispatch
    method (*(extraArgs + sentArgs))
  File "toontown\login\AvatarChoice.py", line 205, in __handleVerifyDelete
    self.verifyDeleteWithPassword()
  File "toontown\login\AvatarChoice.py", line 209, in verifyDeleteWithPassword
    if tt.supportsAuthenticateDelete() and base.cr.productName not in ['DisneyOnline-UK',
AttributeError: LoginTTOAccount instance has no attribute 'supportsAuthenticateDelete'
