ToontownStart: Polling for game2 to finish...
ToontownStart: Game2 is finished.
ToontownStart: Starting the game.
ToontownStart: setting default font
TTLocalizer: Running in language: english
from toontown.toonbase.TTLocalizerEnglish import *
OTPLocalizer: Running in language: english
from otp.otpbase.OTPLocalizerEnglish import *
ToontownStart: Loading default gui sounds
ToontownStart: serverVersion:  svl-1.0.0
{401000001: <toontown.distributed.ToontownDistrict.ToontownDistrict instance at 0x148849E0>}
:Actor(warning): no part named head-front*!
:ToontownTimeManager(warning): error parsing date string=
local
:NewsPageButtonManager(warning): Should not get here. NewsPageButtonManager.exitOff
:DistributedToon(warning): announceGenerate: Could not find npc_origin_0
Battle Event localtoon-battle-event-3
:Actor(warning): called actor.removeNode() on stun without calling cleanup()
:Actor(warning): called actor.removeNode() on stun without calling cleanup()
:OTPClientRepository(warning): unclean exit, abandoning shard
ignoring InputState-forward
:LocalAvatar(warning): redundant call to stopUpdateSmartCamera
