ToontownStart: Polling for game2 to finish...
ToontownStart: Game2 is finished.
ToontownStart: Starting the game.
ToontownStart: setting default font
TTLocalizer: Running in language: english
from toontown.toonbase.TTLocalizerEnglish import *
OTPLocalizer: Running in language: english
from otp.otpbase.OTPLocalizerEnglish import *
ToontownStart: Loading default gui sounds
ToontownStart: serverVersion:  svl-1.0.0
{401000001: <toontown.distributed.ToontownDistrict.ToontownDistrict instance at 0x16F35AA8>}
:ToontownTimeManager(warning): error parsing date string=
:Actor(warning): no part named head-front*!
local
:NewsPageButtonManager(warning): Should not get here. NewsPageButtonManager.exitOff
:DistributedObject(warning): no loader.getInteractiveProp self.interactiveProp is None
:DistributedObject(warning): no loader.getInteractiveProp self.interactiveProp is None
:DistributedObject(warning): no loader.getInteractiveProp self.interactiveProp is None
:DistributedObject(warning): no loader.getInteractiveProp self.interactiveProp is None
:DistributedObject(warning): no loader.getInteractiveProp self.interactiveProp is None
fisherman origin:  render/scene/toontownCentral/2000:safe_zone/fishing_pond_1/npc_fisherman_origin_0
:Teleport(debug): teleportInDone: walk
:TrashcanInteractiveProp(warning): calcHoodId couldn't parse hidden/scene/toontownCentral/2202/interactive_prop_phase_5_models_char__ttc_trashcan_DNARoot using 0
:HydrantInteractiveProp(warning): calcHoodId couldn't parse hidden/scene/toontownCentral/2203/interactive_prop_phase_5_models_char__ttc_hydrant_DNARoot using 0
:GenericAnimatedProp(warning): calcHoodId couldn't parse hidden/scene/toontownCentral/2204/animated_prop_generic_phase_5_models_char__ttc_hydrant_DNARoot using 0
:MailboxInteractiveProp(warning): calcHoodId couldn't parse hidden/scene/toontownCentral/2204/interactive_prop_phase_5_models_char__ttc_mailbox_DNARoot using 0
:TrashcanInteractiveProp(warning): calcHoodId couldn't parse hidden/scene/toontownCentral/2205/interactive_prop_phase_5_models_char__ttc_trashcan_DNARoot using 0
:HydrantInteractiveProp(warning): calcHoodId couldn't parse hidden/scene/toontownCentral/2206/interactive_prop_phase_5_models_char__ttc_hydrant_DNARoot using 0
:TrashcanInteractiveProp(warning): calcHoodId couldn't parse hidden/scene/toontownCentral/2207/interactive_prop_phase_5_models_char__ttc_trashcan_DNARoot using 0
:HydrantInteractiveProp(warning): calcHoodId couldn't parse hidden/scene/toontownCentral/2208/interactive_prop_phase_5_models_char__ttc_hydrant_DNARoot using 0
:GenericAnimatedProp(warning): calcHoodId couldn't parse hidden/scene/toontownCentral/2210/animated_prop_generic_phase_5_models_char__ttc_mailbox_DNARoot using 0
:HydrantInteractiveProp(warning): calcHoodId couldn't parse hidden/scene/toontownCentral/2210/interactive_prop_phase_5_models_char__ttc_hydrant_DNARoot using 0
:HydrantInteractiveProp(warning): calcHoodId couldn't parse hidden/scene/toontownCentral/2211/interactive_prop_phase_5_models_char__ttc_hydrant_DNARoot using 0
:TrashcanInteractiveProp(warning): calcHoodId couldn't parse hidden/scene/toontownCentral/2213/interactive_prop_phase_5_models_char__ttc_trashcan_DNARoot using 0
:HydrantInteractiveProp(warning): calcHoodId couldn't parse hidden/scene/toontownCentral/2215/interactive_prop_phase_5_models_char__ttc_hydrant_DNARoot using 0
:TrashcanInteractiveProp(warning): calcHoodId couldn't parse hidden/scene/toontownCentral/2217/interactive_prop_phase_5_models_char__ttc_trashcan_DNARoot using 0
:HydrantInteractiveProp(warning): calcHoodId couldn't parse hidden/scene/toontownCentral/2219/interactive_prop_phase_5_models_char__ttc_hydrant_DNARoot using 0
:TrashcanInteractiveProp(warning): calcHoodId couldn't parse hidden/scene/toontownCentral/2220/interactive_prop_phase_5_models_char__ttc_trashcan_DNARoot using 0
:HydrantInteractiveProp(warning): calcHoodId couldn't parse hidden/scene/toontownCentral/2223/interactive_prop_phase_5_models_char__ttc_hydrant_DNARoot using 0
:GenericAnimatedProp(warning): calcHoodId couldn't parse hidden/scene/toontownCentral/2225/animated_prop_generic_phase_5_models_char__ttc_hydrant_DNARoot using 0
:GenericAnimatedProp(warning): calcHoodId couldn't parse hidden/scene/toontownCentral/2225/animated_prop_generic_phase_5_models_char__ttc_trashcan_DNARoot using 0
:MailboxInteractiveProp(warning): calcHoodId couldn't parse hidden/scene/toontownCentral/2225/interactive_prop_phase_5_models_char__ttc_mailbox_DNARoot using 0
:HydrantInteractiveProp(warning): calcHoodId couldn't parse hidden/scene/toontownCentral/2227/interactive_prop_phase_5_models_char__ttc_hydrant_DNARoot using 0
:MailboxInteractiveProp(warning): calcHoodId couldn't parse hidden/scene/toontownCentral/2229/interactive_prop_phase_5_models_char__ttc_mailbox_DNARoot using 0
:MailboxInteractiveProp(warning): calcHoodId couldn't parse hidden/scene/toontownCentral/2230/interactive_prop_phase_5_models_char__ttc_mailbox_DNARoot using 0
:MailboxInteractiveProp(warning): calcHoodId couldn't parse hidden/scene/toontownCentral/2232/interactive_prop_phase_5_models_char__ttc_mailbox_DNARoot using 0
:GenericAnimatedProp(warning): calcHoodId couldn't parse hidden/scene/toontownCentral/2233/animated_prop_generic_phase_5_models_char__ttc_trashcan_DNARoot using 0
:MailboxInteractiveProp(warning): calcHoodId couldn't parse hidden/scene/toontownCentral/2233/interactive_prop_phase_5_models_char__ttc_mailbox_DNARoot using 0
:MailboxInteractiveProp(warning): calcHoodId couldn't parse hidden/scene/toontownCentral/2235/interactive_prop_phase_5_models_char__ttc_mailbox_DNARoot using 0
fisherman origin:  render/town_top_level/toontownCentral/2236/fishing_pond_1/npc_fisherman_origin_0
:ClassicFSM(warning): [DistributedSuit]: no transition exists from WalkFromStreet to WaitForBattle
Battle Event localtoon-battle-event-3
:Actor(warning): called actor.removeNode() on stun without calling cleanup()
:Actor(warning): called actor.removeNode() on stun without calling cleanup()
:DistributedBattle(warning): handleDied() - toon: 100000005
:DistributedObject(warning): no loader.getInteractiveProp self.interactiveProp is None
:DistributedObject(warning): no loader.getInteractiveProp self.interactiveProp is None
:DistributedObject(warning): no loader.getInteractiveProp self.interactiveProp is None
:DistributedObject(warning): no loader.getInteractiveProp self.interactiveProp is None
:DistributedObject(warning): no loader.getInteractiveProp self.interactiveProp is None
fisherman origin:  render/scene/toontownCentral/2000:safe_zone/fishing_pond_1/npc_fisherman_origin_0
:Teleport(debug): teleportInDone: popup
:TrashcanInteractiveProp(warning): calcHoodId couldn't parse hidden/scene/toontownCentral/2202/interactive_prop_phase_5_models_char__ttc_trashcan_DNARoot using 0
:HydrantInteractiveProp(warning): calcHoodId couldn't parse hidden/scene/toontownCentral/2203/interactive_prop_phase_5_models_char__ttc_hydrant_DNARoot using 0
:GenericAnimatedProp(warning): calcHoodId couldn't parse hidden/scene/toontownCentral/2204/animated_prop_generic_phase_5_models_char__ttc_hydrant_DNARoot using 0
:MailboxInteractiveProp(warning): calcHoodId couldn't parse hidden/scene/toontownCentral/2204/interactive_prop_phase_5_models_char__ttc_mailbox_DNARoot using 0
:TrashcanInteractiveProp(warning): calcHoodId couldn't parse hidden/scene/toontownCentral/2205/interactive_prop_phase_5_models_char__ttc_trashcan_DNARoot using 0
:HydrantInteractiveProp(warning): calcHoodId couldn't parse hidden/scene/toontownCentral/2206/interactive_prop_phase_5_models_char__ttc_hydrant_DNARoot using 0
:TrashcanInteractiveProp(warning): calcHoodId couldn't parse hidden/scene/toontownCentral/2207/interactive_prop_phase_5_models_char__ttc_trashcan_DNARoot using 0
:HydrantInteractiveProp(warning): calcHoodId couldn't parse hidden/scene/toontownCentral/2208/interactive_prop_phase_5_models_char__ttc_hydrant_DNARoot using 0
:GenericAnimatedProp(warning): calcHoodId couldn't parse hidden/scene/toontownCentral/2210/animated_prop_generic_phase_5_models_char__ttc_mailbox_DNARoot using 0
:HydrantInteractiveProp(warning): calcHoodId couldn't parse hidden/scene/toontownCentral/2210/interactive_prop_phase_5_models_char__ttc_hydrant_DNARoot using 0
:HydrantInteractiveProp(warning): calcHoodId couldn't parse hidden/scene/toontownCentral/2211/interactive_prop_phase_5_models_char__ttc_hydrant_DNARoot using 0
:TrashcanInteractiveProp(warning): calcHoodId couldn't parse hidden/scene/toontownCentral/2213/interactive_prop_phase_5_models_char__ttc_trashcan_DNARoot using 0
:HydrantInteractiveProp(warning): calcHoodId couldn't parse hidden/scene/toontownCentral/2215/interactive_prop_phase_5_models_char__ttc_hydrant_DNARoot using 0
:TrashcanInteractiveProp(warning): calcHoodId couldn't parse hidden/scene/toontownCentral/2217/interactive_prop_phase_5_models_char__ttc_trashcan_DNARoot using 0
:HydrantInteractiveProp(warning): calcHoodId couldn't parse hidden/scene/toontownCentral/2219/interactive_prop_phase_5_models_char__ttc_hydrant_DNARoot using 0
:TrashcanInteractiveProp(warning): calcHoodId couldn't parse hidden/scene/toontownCentral/2220/interactive_prop_phase_5_models_char__ttc_trashcan_DNARoot using 0
:HydrantInteractiveProp(warning): calcHoodId couldn't parse hidden/scene/toontownCentral/2223/interactive_prop_phase_5_models_char__ttc_hydrant_DNARoot using 0
:GenericAnimatedProp(warning): calcHoodId couldn't parse hidden/scene/toontownCentral/2225/animated_prop_generic_phase_5_models_char__ttc_hydrant_DNARoot using 0
:GenericAnimatedProp(warning): calcHoodId couldn't parse hidden/scene/toontownCentral/2225/animated_prop_generic_phase_5_models_char__ttc_trashcan_DNARoot using 0
:MailboxInteractiveProp(warning): calcHoodId couldn't parse hidden/scene/toontownCentral/2225/interactive_prop_phase_5_models_char__ttc_mailbox_DNARoot using 0
:HydrantInteractiveProp(warning): calcHoodId couldn't parse hidden/scene/toontownCentral/2227/interactive_prop_phase_5_models_char__ttc_hydrant_DNARoot using 0
:MailboxInteractiveProp(warning): calcHoodId couldn't parse hidden/scene/toontownCentral/2229/interactive_prop_phase_5_models_char__ttc_mailbox_DNARoot using 0
:MailboxInteractiveProp(warning): calcHoodId couldn't parse hidden/scene/toontownCentral/2230/interactive_prop_phase_5_models_char__ttc_mailbox_DNARoot using 0
:MailboxInteractiveProp(warning): calcHoodId couldn't parse hidden/scene/toontownCentral/2232/interactive_prop_phase_5_models_char__ttc_mailbox_DNARoot using 0
:GenericAnimatedProp(warning): calcHoodId couldn't parse hidden/scene/toontownCentral/2233/animated_prop_generic_phase_5_models_char__ttc_trashcan_DNARoot using 0
:MailboxInteractiveProp(warning): calcHoodId couldn't parse hidden/scene/toontownCentral/2233/interactive_prop_phase_5_models_char__ttc_mailbox_DNARoot using 0
:MailboxInteractiveProp(warning): calcHoodId couldn't parse hidden/scene/toontownCentral/2235/interactive_prop_phase_5_models_char__ttc_mailbox_DNARoot using 0
fisherman origin:  render/town_top_level/toontownCentral/2236/fishing_pond_1/npc_fisherman_origin_0
fisherman origin:  render/town_top_level/toontownCentral/2236/fishing_pond_1/npc_fisherman_origin_0
Battle Event localtoon-battle-event-9
:Actor(warning): no part named head-front*!
:GarbageCollect(warning): garbage found, reverting gc threshold
frame rate: 32.8 fps|0.018d|3 avs||363|366||0x0000|0x0000|751.8MB|952.4MB|8094.4MB|239|nt.2.6.2|2.197,2.197|2,4 cpus|OpenGL
:DistributedBattle(warning): handleDied() - toon: 100000005
:DistributedObject(warning): no loader.getInteractiveProp self.interactiveProp is None
:DistributedObject(warning): no loader.getInteractiveProp self.interactiveProp is None
:DistributedObject(warning): no loader.getInteractiveProp self.interactiveProp is None
:DistributedObject(warning): no loader.getInteractiveProp self.interactiveProp is None
:DistributedObject(warning): no loader.getInteractiveProp self.interactiveProp is None
fisherman origin:  render/scene/toontownCentral/2000:safe_zone/fishing_pond_1/npc_fisherman_origin_0
:Teleport(debug): teleportInDone: popup
:OTPClientRepository(warning): unclean exit, abandoning shard
ignoring InputState-forward
:LocalAvatar(warning): redundant call to stopUpdateSmartCamera
